<?xml version="1.0" encoding="UTF-8"?>
<testng-results skipped="0" failed="0" ignored="0" total="1" passed="1">
  <reporter-output>
  </reporter-output>
  <suite name="Default suite" duration-ms="106" started-at="2018-01-24T08:14:31Z" finished-at="2018-01-24T08:14:31Z">
    <groups>
    </groups>
    <test name="Default test" duration-ms="106" started-at="2018-01-24T08:14:31Z" finished-at="2018-01-24T08:14:31Z">
      <class name="org.guru.bank.Test_001">
        <test-method status="PASS" signature="chk()[pri:0, instance:org.guru.bank.Test_001@643b1d11]" name="chk" duration-ms="37" started-at="2018-01-24T13:44:31Z" finished-at="2018-01-24T13:44:31Z">
          <reporter-output>
          </reporter-output>
        </test-method> <!-- chk -->
      </class> <!-- org.guru.bank.Test_001 -->
    </test> <!-- Default test -->
  </suite> <!-- Default suite -->
</testng-results>
