<?xml version="1.0" encoding="UTF-8"?>
<testng-results skipped="0" failed="0" ignored="0" total="1" passed="1">
  <reporter-output>
  </reporter-output>
  <suite name="Suite" duration-ms="86" started-at="2018-01-24T08:18:42Z" finished-at="2018-01-24T08:18:42Z">
    <groups>
    </groups>
    <test name="Test" duration-ms="86" started-at="2018-01-24T08:18:42Z" finished-at="2018-01-24T08:18:42Z">
      <class name="org.guru.bank.Test_001">
        <test-method status="PASS" signature="chk()[pri:0, instance:org.guru.bank.Test_001@57829d67]" name="chk" duration-ms="17" started-at="2018-01-24T13:48:42Z" finished-at="2018-01-24T13:48:42Z">
          <reporter-output>
          </reporter-output>
        </test-method> <!-- chk -->
      </class> <!-- org.guru.bank.Test_001 -->
    </test> <!-- Test -->
  </suite> <!-- Suite -->
</testng-results>
